<?xml version="1.0" encoding="UTF-8"?>
<testsuite name="dev.nikookinn.ecommerce.userservice.UserServiceApplicationTests" tests="1" skipped="0" failures="0" errors="0" timestamp="2025-05-04T14:37:52.347Z" hostname="LAPTOP-LU3EDETB" time="0.439">
  <properties/>
  <testcase name="contextLoads()" classname="dev.nikookinn.ecommerce.userservice.UserServiceApplicationTests" time="0.439"/>
  <system-out><![CDATA[18:37:49.533 [Test worker] INFO org.springframework.test.context.support.AnnotationConfigContextLoaderUtils -- Could not detect default configuration classes for test class [dev.nikookinn.ecommerce.userservice.UserServiceApplicationTests]: UserServiceApplicationTests does not declare any static, non-private, non-final, nested classes annotated with @Configuration.
18:37:49.631 [Test worker] INFO org.springframework.boot.test.context.SpringBootTestContextBootstrapper -- Found @SpringBootConfiguration dev.nikookinn.ecommerce.userservice.UserServiceApplication for test class dev.nikookinn.ecommerce.userservice.UserServiceApplicationTests

  .   ____          _            __ _ _
 /\\ / ___'_ __ _ _(_)_ __  __ _ \ \ \ \
( ( )\___ | '_ | '_| | '_ \/ _` | \ \ \ \
 \\/  ___)| |_)| | | | | || (_| |  ) ) ) )
  '  |____| .__|_| |_|_| |_\__, | / / / /
 =========|_|==============|___/=/_/_/_/

 :: Spring Boot ::                (v3.4.5)

2025-05-04T18:37:49.974+04:00  INFO 43204 --- [user-service] [    Test worker] d.n.e.u.UserServiceApplicationTests      : Starting UserServiceApplicationTests using Java 21.0.1 with PID 43204 (started by user in C:\Users\user\MyProjects\ecommerce\user-service)
2025-05-04T18:37:49.975+04:00  INFO 43204 --- [user-service] [    Test worker] d.n.e.u.UserServiceApplicationTests      : No active profile set, falling back to 1 default profile: "default"
2025-05-04T18:37:50.478+04:00  INFO 43204 --- [user-service] [    Test worker] .s.d.r.c.RepositoryConfigurationDelegate : Bootstrapping Spring Data JPA repositories in DEFAULT mode.
2025-05-04T18:37:50.497+04:00  INFO 43204 --- [user-service] [    Test worker] .s.d.r.c.RepositoryConfigurationDelegate : Finished Spring Data repository scanning in 10 ms. Found 0 JPA repository interfaces.
2025-05-04T18:37:50.897+04:00  INFO 43204 --- [user-service] [    Test worker] com.zaxxer.hikari.HikariDataSource       : HikariPool-1 - Starting...
2025-05-04T18:37:51.045+04:00  INFO 43204 --- [user-service] [    Test worker] com.zaxxer.hikari.pool.HikariPool        : HikariPool-1 - Added connection conn0: url=jdbc:h2:mem:ca3cb5d7-2652-4863-9964-290eb65be23f user=SA
2025-05-04T18:37:51.047+04:00  INFO 43204 --- [user-service] [    Test worker] com.zaxxer.hikari.HikariDataSource       : HikariPool-1 - Start completed.
2025-05-04T18:37:51.089+04:00  INFO 43204 --- [user-service] [    Test worker] org.flywaydb.core.FlywayExecutor         : Database: jdbc:h2:mem:ca3cb5d7-2652-4863-9964-290eb65be23f (H2 2.3)
2025-05-04T18:37:51.099+04:00  WARN 43204 --- [user-service] [    Test worker] o.f.c.internal.database.base.Database    : Flyway upgrade recommended: H2 2.3.232 is newer than this version of Flyway and support has not been tested. The latest supported version of H2 is 2.2.224.
2025-05-04T18:37:51.115+04:00  INFO 43204 --- [user-service] [    Test worker] o.f.c.i.s.JdbcTableSchemaHistory         : Schema history table "PUBLIC"."flyway_schema_history" does not exist yet
2025-05-04T18:37:51.116+04:00  INFO 43204 --- [user-service] [    Test worker] o.f.core.internal.command.DbValidate     : Successfully validated 0 migrations (execution time 00:00.007s)
2025-05-04T18:37:51.117+04:00  WARN 43204 --- [user-service] [    Test worker] o.f.core.internal.command.DbValidate     : No migrations found. Are your locations set up correctly?
2025-05-04T18:37:51.123+04:00  INFO 43204 --- [user-service] [    Test worker] o.f.c.i.s.JdbcTableSchemaHistory         : Creating Schema History table "PUBLIC"."flyway_schema_history" ...
2025-05-04T18:37:51.157+04:00  INFO 43204 --- [user-service] [    Test worker] o.f.core.internal.command.DbMigrate      : Current version of schema "PUBLIC": << Empty Schema >>
2025-05-04T18:37:51.162+04:00  INFO 43204 --- [user-service] [    Test worker] o.f.core.internal.command.DbMigrate      : Schema "PUBLIC" is up to date. No migration necessary.
2025-05-04T18:37:51.253+04:00  INFO 43204 --- [user-service] [    Test worker] o.hibernate.jpa.internal.util.LogHelper  : HHH000204: Processing PersistenceUnitInfo [name: default]
2025-05-04T18:37:51.294+04:00  INFO 43204 --- [user-service] [    Test worker] org.hibernate.Version                    : HHH000412: Hibernate ORM core version 6.6.13.Final
2025-05-04T18:37:51.317+04:00  INFO 43204 --- [user-service] [    Test worker] o.h.c.internal.RegionFactoryInitiator    : HHH000026: Second-level cache disabled
2025-05-04T18:37:51.541+04:00  INFO 43204 --- [user-service] [    Test worker] o.s.o.j.p.SpringPersistenceUnitInfo      : No LoadTimeWeaver setup: ignoring JPA class transformer
2025-05-04T18:37:51.594+04:00  INFO 43204 --- [user-service] [    Test worker] org.hibernate.orm.connections.pooling    : HHH10001005: Database info:
	Database JDBC URL [Connecting through datasource 'HikariDataSource (HikariPool-1)']
	Database driver: undefined/unknown
	Database version: 2.3.232
	Autocommit mode: undefined/unknown
	Isolation level: undefined/unknown
	Minimum pool size: undefined/unknown
	Maximum pool size: undefined/unknown
2025-05-04T18:37:51.833+04:00  INFO 43204 --- [user-service] [    Test worker] o.h.e.t.j.p.i.JtaPlatformInitiator       : HHH000489: No JTA platform available (set 'hibernate.transaction.jta.platform' to enable JTA platform integration)
2025-05-04T18:37:51.837+04:00  INFO 43204 --- [user-service] [    Test worker] j.LocalContainerEntityManagerFactoryBean : Initialized JPA EntityManagerFactory for persistence unit 'default'
2025-05-04T18:37:51.964+04:00  WARN 43204 --- [user-service] [    Test worker] JpaBaseConfiguration$JpaWebConfiguration : spring.jpa.open-in-view is enabled by default. Therefore, database queries may be performed during view rendering. Explicitly configure spring.jpa.open-in-view to disable this warning
2025-05-04T18:37:52.330+04:00  INFO 43204 --- [user-service] [    Test worker] d.n.e.u.UserServiceApplicationTests      : Started UserServiceApplicationTests in 2.566 seconds (process running for 3.499)
]]></system-out>
  <system-err><![CDATA[Mockito is currently self-attaching to enable the inline-mock-maker. This will no longer work in future releases of the JDK. Please add Mockito as an agent to your build what is described in Mockito's documentation: https://javadoc.io/doc/org.mockito/mockito-core/latest/org/mockito/Mockito.html#0.3
WARNING: A Java agent has been loaded dynamically (C:\Users\user\.gradle\caches\modules-2\files-2.1\net.bytebuddy\byte-buddy-agent\1.15.11\a38b16385e867f59a641330f0362ebe742788ed8\byte-buddy-agent-1.15.11.jar)
WARNING: If a serviceability tool is in use, please run with -XX:+EnableDynamicAgentLoading to hide this warning
WARNING: If a serviceability tool is not in use, please run with -Djdk.instrument.traceUsage for more information
WARNING: Dynamic loading of agents will be disallowed by default in a future release
]]></system-err>
</testsuite>
